PLINK v1.90b6.26 64-bit (2 Apr 2022)
Options in effect:
  --file AMDHK
  --geno 0.10
  --hwe 6.25E-7
  --out AMDHKg
  --recode 12

Hostname: 64GB-PC
Working directory: C:\data\AMDHK\QC
Start time: Sat Jan 13 10:37:36 2024

Random number seed: 1705160256
65208 MB RAM detected; reserving 32604 MB for main workspace.
Scanning .ped file... done.
Performing single-pass .bed write (81297 variants, 223 people).
--file: AMDHKg-temporary.bed + AMDHKg-temporary.bim + AMDHKg-temporary.fam
written.
81,297 variants loaded from .bim file.
  223 people (223 males, 0 females) loaded from .fam.	<=== NO FEMALES!!
  223 phenotype values loaded from .fam.
Using 1 thread (no multithreaded calculations invoked).
Before main variant filters, 223 founders and 0 nonfounders present.
Calculating allele frequencies... done.
Total genotyping rate is 0.992688.
0 variants removed due to missing genotype data (--geno).
Warning: --hwe observation counts vary by more than 10%.  Consider using
--geno, and/or applying different p-value thresholds to distinct subsets of your data.
--hwe: 3 variants removed due to Hardy-Weinberg exact test.
81,294 variants and 223 people pass filters and QC.
Among remaining phenotypes, 96 are cases and 127 are controls.
--recode ped to AMDHKg.ped + AMDHKg.map ... done.

End time: Sat Jan 13 10:37:38 2024
